0    [AWT-EventQueue-0] INFO  ca.sqlpower.architect.ArchitectUtils  - Log4J configured successfully
771  [AWT-EventQueue-0] INFO  ca.sqlpower.sql.PlDotIni  - Beginning to read/merge new pl.ini data
871  [AWT-EventQueue-0] INFO  ca.sqlpower.sql.PlDotIni  - Finished reading file.
871  [AWT-EventQueue-0] INFO  ca.sqlpower.sql.PlDotIni  - Beginning to read/merge new pl.ini data
972  [AWT-EventQueue-0] INFO  ca.sqlpower.sql.PlDotIni  - Finished reading file.
4398 [Thread-5] ERROR ca.sqlpower.architect.swingui.action.CheckForUpdateAction  - Fail to retrieve current version number!
343800 [AWT-EventQueue-0] INFO  ca.sqlpower.architect.ddl.GenericDDLGenerator  - endStatement: 
CREATE TABLE funcionario (
                cpf CHAR(11) NOT NULL,
                primeiro_nome VARCHAR(15) NOT NULL,
                nome_meio CHAR(1) NOT NULL,
                ultimo_nome VARCHAR(15) NOT NULL,
                data_nascimento DATE NOT NULL,
                endereco VARCHAR(30) NOT NULL,
                sexo CHAR(1) NOT NULL,
                salario DECIMAL(10,2) NOT NULL,
                cpf_supervisor CHAR(11) NOT NULL,
                numero_departamento INT NOT NULL,
                PRIMARY KEY (cpf)
)
343800 [AWT-EventQueue-0] INFO  ca.sqlpower.architect.ddl.GenericDDLGenerator  - endStatement: 

ALTER TABLE funcionario MODIFY COLUMN cpf CHAR(11) COMMENT 'Primary Key em funcionario, no atributo cpf.'
343800 [AWT-EventQueue-0] INFO  ca.sqlpower.architect.ddl.GenericDDLGenerator  - endStatement: 

ALTER TABLE funcionario MODIFY COLUMN primeiro_nome VARCHAR(15) COMMENT 'primeiro nome do funcionario'
343800 [AWT-EventQueue-0] INFO  ca.sqlpower.architect.ddl.GenericDDLGenerator  - endStatement: 


CREATE TABLE dependente (
                cpf_funcionario CHAR(11) NOT NULL,
                nome_dependente VARCHAR(15) NOT NULL,
                sexo CHAR(1) NOT NULL,
                data_nascimento DATE NOT NULL,
                parentesco VARCHAR(15) NOT NULL,
                PRIMARY KEY (cpf_funcionario, nome_dependente)
)
343800 [AWT-EventQueue-0] INFO  ca.sqlpower.architect.ddl.GenericDDLGenerator  - endStatement: 


CREATE TABLE departamento (
                numero_departamento INT NOT NULL,
                nome_departamento VARCHAR(15) NOT NULL,
                cpf_gerente CHAR(11) NOT NULL,
                data_inicio_gerente DATE NOT NULL,
                PRIMARY KEY (numero_departamento)
)
343816 [AWT-EventQueue-0] INFO  ca.sqlpower.architect.ddl.GenericDDLGenerator  - endStatement: 


CREATE UNIQUE INDEX departamento_idx
 ON departamento
 ( nome_departamento )
343816 [AWT-EventQueue-0] INFO  ca.sqlpower.architect.ddl.GenericDDLGenerator  - endStatement: 

CREATE UNIQUE INDEX departamento_idx1
 ON departamento
 ( cpf_gerente )
343816 [AWT-EventQueue-0] INFO  ca.sqlpower.architect.ddl.GenericDDLGenerator  - endStatement: 

CREATE TABLE localizacoes_departamento (
                numero_departamento INT NOT NULL,
                local VARCHAR(15) NOT NULL,
                PRIMARY KEY (numero_departamento, local)
)
343816 [AWT-EventQueue-0] INFO  ca.sqlpower.architect.ddl.GenericDDLGenerator  - endStatement: 


CREATE TABLE projeto (
                numero_projeto INT NOT NULL,
                nome_projeto VARCHAR(15) NOT NULL,
                local_projeto VARCHAR(15) NOT NULL,
                numero_departamento INT NOT NULL,
                PRIMARY KEY (numero_projeto)
)
343816 [AWT-EventQueue-0] INFO  ca.sqlpower.architect.ddl.GenericDDLGenerator  - endStatement: 


CREATE UNIQUE INDEX projeto_idx
 ON projeto
 ( nome_projeto )
343816 [AWT-EventQueue-0] INFO  ca.sqlpower.architect.ddl.GenericDDLGenerator  - endStatement: 

CREATE TABLE trabalha_em (
                cpf_funcionario CHAR(11) NOT NULL,
                numero_projeto INT NOT NULL,
                horas DECIMAL(3,1) NOT NULL,
                PRIMARY KEY (cpf_funcionario, numero_projeto)
)
343816 [AWT-EventQueue-0] INFO  ca.sqlpower.architect.ddl.GenericDDLGenerator  - endStatement: 


ALTER TABLE departamento ADD CONSTRAINT funcionario_departamento_fk
FOREIGN KEY (cpf_gerente)
REFERENCES funcionario (cpf)
ON DELETE NO ACTION
ON UPDATE NO ACTION
343816 [AWT-EventQueue-0] INFO  ca.sqlpower.architect.ddl.GenericDDLGenerator  - endStatement: 

ALTER TABLE trabalha_em ADD CONSTRAINT funcionario_trabalha_em__fk
FOREIGN KEY (cpf_funcionario)
REFERENCES funcionario (cpf)
ON DELETE NO ACTION
ON UPDATE NO ACTION
343816 [AWT-EventQueue-0] INFO  ca.sqlpower.architect.ddl.GenericDDLGenerator  - endStatement: 

ALTER TABLE funcionario ADD CONSTRAINT funcionario_funcionario_fk
FOREIGN KEY (cpf_supervisor)
REFERENCES funcionario (cpf)
ON DELETE NO ACTION
ON UPDATE NO ACTION
343816 [AWT-EventQueue-0] INFO  ca.sqlpower.architect.ddl.GenericDDLGenerator  - endStatement: 

ALTER TABLE dependente ADD CONSTRAINT funcionario_dependente_fk
FOREIGN KEY (cpf_funcionario)
REFERENCES funcionario (cpf)
ON DELETE NO ACTION
ON UPDATE NO ACTION
343816 [AWT-EventQueue-0] INFO  ca.sqlpower.architect.ddl.GenericDDLGenerator  - endStatement: 

ALTER TABLE projeto ADD CONSTRAINT departamento_projeto_fk
FOREIGN KEY (numero_departamento)
REFERENCES departamento (numero_departamento)
ON DELETE NO ACTION
ON UPDATE NO ACTION
343816 [AWT-EventQueue-0] INFO  ca.sqlpower.architect.ddl.GenericDDLGenerator  - endStatement: 

ALTER TABLE localizacoes_departamento ADD CONSTRAINT departamento_localizacoes_departamento_fk
FOREIGN KEY (numero_departamento)
REFERENCES departamento (numero_departamento)
ON DELETE NO ACTION
ON UPDATE NO ACTION
343816 [AWT-EventQueue-0] INFO  ca.sqlpower.architect.ddl.GenericDDLGenerator  - endStatement: 

ALTER TABLE trabalha_em ADD CONSTRAINT projeto_trabalha_em__fk
FOREIGN KEY (numero_projeto)
REFERENCES projeto (numero_projeto)
ON DELETE NO ACTION
ON UPDATE NO ACTION
343816 [AWT-EventQueue-0] INFO  ca.sqlpower.architect.swingui.SQLScriptDialog  - The list size is :18
1095175 [AWT-EventQueue-0] INFO  ca.sqlpower.architect.swingui.SQLScriptDialog  - SQL_FILE_FILTER:SQL Script Files:[sql, ddl]
